<?xml version="1.0" encoding="UTF-8"?>
<!-- Generated by org.testng.reporters.JUnitReportReporter -->
<testsuite hostname="MAHEERS-THINKPAD" failures="0" tests="5" name="smgmt.runner.TestRunner" time="21.247" errors="0" timestamp="2022-10-12T15:28:15 EDT" skipped="0">
  <testcase classname="smgmt.runner.TestRunner" name="runScenario" time="13.549"/>
  <system-out/>
  <testcase classname="smgmt.runner.TestRunner" name="runScenario" time="5.751"/>
  <system-out/>
  <testcase classname="smgmt.runner.TestRunner" name="runScenario" time="0.049"/>
  <system-out/>
  <testcase classname="smgmt.runner.TestRunner" name="runScenario" time="1.859"/>
  <system-out/>
  <testcase classname="smgmt.runner.TestRunner" name="runScenario" time="0.039"/>
  <system-out/>
</testsuite> <!-- smgmt.runner.TestRunner -->
